<?xml version="1.0" encoding="UTF-8"?>
<testsuite name="example.cashcard.CashCardJsonTest" tests="1" skipped="0" failures="0" errors="0" timestamp="2025-06-23T02:20:50" hostname="DELL" time="0.072">
  <properties/>
  <testcase name="numberTest()" classname="example.cashcard.CashCardJsonTest" time="0.072"/>
  <system-out><![CDATA[]]></system-out>
  <system-err><![CDATA[]]></system-err>
</testsuite>
